android-app/app/build/intermediates/manifest_merge_blame_file/release/processReleaseMainManifest/manifest-merger-blame-release-report.txt
1<?xml version="1.0" encoding="utf-8"?>
2<manifest xmlns:android="http://schemas.android.com/apk/res/android"
3    package="com.tetris.modern.rl"
4    android:versionCode="11"
5    android:versionName="1.1.0" >
6
7    <uses-sdk
8        android:minSdkVersion="24"
9        android:targetSdkVersion="35" />
10
11    <!-- Permissions -->
12    <uses-permission android:name="android.permission.INTERNET" />
12-->src/main/AndroidManifest.xml:6:5-67
12-->src/main/AndroidManifest.xml:6:22-64
13    <uses-permission android:name="android.permission.ACCESS_NETWORK_STATE" />
13-->src/main/AndroidManifest.xml:7:5-79
13-->src/main/AndroidManifest.xml:7:22-76
14    <uses-permission android:name="android.permission.VIBRATE" />
14-->src/main/AndroidManifest.xml:8:5-66
14-->src/main/AndroidManifest.xml:8:22-63
15    <uses-permission android:name="android.permission.POST_NOTIFICATIONS" />
15-->src/main/AndroidManifest.xml:9:5-77
15-->src/main/AndroidManifest.xml:9:22-74
16    <uses-permission android:name="android.permission.WAKE_LOCK" />
16-->src/main/AndroidManifest.xml:10:5-68
16-->src/main/AndroidManifest.xml:10:22-65
17    <uses-permission android:name="android.permission.FOREGROUND_SERVICE" />
17-->src/main/AndroidManifest.xml:11:5-77
17-->src/main/AndroidManifest.xml:11:22-74
18    <uses-permission android:name="android.permission.FOREGROUND_SERVICE_MEDIA_PLAYBACK" />
18-->src/main/AndroidManifest.xml:12:5-92
18-->src/main/AndroidManifest.xml:12:22-89
19
20    <!-- Features -->
21    <uses-feature
21-->src/main/AndroidManifest.xml:15:5-89
22        android:name="android.hardware.touchscreen"
22-->src/main/AndroidManifest.xml:15:19-62
23        android:required="true" />
23-->src/main/AndroidManifest.xml:15:63-86
24    <uses-feature
24-->src/main/AndroidManifest.xml:16:5-94
25        android:name="android.hardware.screen.portrait"
25-->src/main/AndroidManifest.xml:16:19-66
26        android:required="false" />
26-->src/main/AndroidManifest.xml:16:67-91
27    <uses-feature
27-->src/main/AndroidManifest.xml:17:5-95
28        android:name="android.hardware.screen.landscape"
28-->src/main/AndroidManifest.xml:17:19-67
29        android:required="false" />
29-->src/main/AndroidManifest.xml:17:68-92
30    <uses-feature
30-->src/main/AndroidManifest.xml:18:5-87
31        android:name="android.software.leanback"
31-->src/main/AndroidManifest.xml:18:19-59
32        android:required="false" />
32-->src/main/AndroidManifest.xml:18:60-84
33    <uses-feature
33-->src/main/AndroidManifest.xml:19:5-86
34        android:name="android.hardware.gamepad"
34-->src/main/AndroidManifest.xml:19:19-58
35        android:required="false" />
35-->src/main/AndroidManifest.xml:19:59-83
36
37    <uses-permission android:name="android.permission.RECEIVE_BOOT_COMPLETED" />
37-->[androidx.work:work-runtime:2.9.0] AndroidManifest.xml:25:5-81
37-->[androidx.work:work-runtime:2.9.0] AndroidManifest.xml:25:22-78
38
39    <queries>
39-->[com.google.android.gms:play-services-games-v2:19.0.0] AndroidManifest.xml:7:5-10:15
40        <package android:name="com.google.android.gms" />
40-->[com.google.android.gms:play-services-games-v2:19.0.0] AndroidManifest.xml:8:9-58
40-->[com.google.android.gms:play-services-games-v2:19.0.0] AndroidManifest.xml:8:18-55
41        <package android:name="com.android.vending" />
41-->[com.google.android.gms:play-services-games-v2:19.0.0] AndroidManifest.xml:9:9-55
41-->[com.google.android.gms:play-services-games-v2:19.0.0] AndroidManifest.xml:9:18-52
42    </queries>
43
44    <permission
44-->[androidx.core:core:1.13.1] AndroidManifest.xml:22:5-24:47
45        android:name="com.tetris.modern.rl.DYNAMIC_RECEIVER_NOT_EXPORTED_PERMISSION"
45-->[androidx.core:core:1.13.1] AndroidManifest.xml:23:9-81
46        android:protectionLevel="signature" />
46-->[androidx.core:core:1.13.1] AndroidManifest.xml:24:9-44
47
48    <uses-permission android:name="com.tetris.modern.rl.DYNAMIC_RECEIVER_NOT_EXPORTED_PERMISSION" />
48-->[androidx.core:core:1.13.1] AndroidManifest.xml:26:5-97
48-->[androidx.core:core:1.13.1] AndroidManifest.xml:26:22-94
49
50    <application
50-->src/main/AndroidManifest.xml:21:5-93:19
51        android:name="com.tetris.modern.rl.TetrisApplication"
51-->src/main/AndroidManifest.xml:22:9-42
52        android:allowBackup="true"
52-->src/main/AndroidManifest.xml:23:9-35
53        android:appComponentFactory="androidx.core.app.CoreComponentFactory"
53-->[androidx.core:core:1.13.1] AndroidManifest.xml:28:18-86
54        android:dataExtractionRules="@xml/data_extraction_rules"
54-->src/main/AndroidManifest.xml:24:9-65
55        android:extractNativeLibs="false"
56        android:fullBackupContent="@xml/backup_rules"
56-->src/main/AndroidManifest.xml:25:9-54
57        android:hardwareAccelerated="true"
57-->src/main/AndroidManifest.xml:31:9-43
58        android:icon="@mipmap/ic_launcher"
58-->src/main/AndroidManifest.xml:26:9-43
59        android:label="@string/app_name"
59-->src/main/AndroidManifest.xml:27:9-41
60        android:largeHeap="true"
60-->src/main/AndroidManifest.xml:32:9-33
61        android:roundIcon="@mipmap/ic_launcher_round"
61-->src/main/AndroidManifest.xml:28:9-54
62        android:supportsRtl="true"
62-->src/main/AndroidManifest.xml:29:9-35
63        android:theme="@style/Theme.ModernTetris" >
63-->src/main/AndroidManifest.xml:30:9-50
64
65        <!-- Main Activity -->
66        <activity
66-->src/main/AndroidManifest.xml:36:9-53:20
67            android:name="com.tetris.modern.rl.MainActivity"
67-->src/main/AndroidManifest.xml:37:13-41
68            android:configChanges="orientation|keyboardHidden|screenSize"
68-->src/main/AndroidManifest.xml:40:13-74
69            android:exported="true"
69-->src/main/AndroidManifest.xml:38:13-36
70            android:launchMode="singleTop"
70-->src/main/AndroidManifest.xml:41:13-43
71            android:screenOrientation="portrait"
71-->src/main/AndroidManifest.xml:39:13-49
72            android:theme="@style/Theme.ModernTetris.Fullscreen" >
72-->src/main/AndroidManifest.xml:42:13-65
73            <intent-filter>
73-->src/main/AndroidManifest.xml:43:13-46:29
74                <action android:name="android.intent.action.MAIN" />
74-->src/main/AndroidManifest.xml:44:17-69
74-->src/main/AndroidManifest.xml:44:25-66
75
76                <category android:name="android.intent.category.LAUNCHER" />
76-->src/main/AndroidManifest.xml:45:17-77
76-->src/main/AndroidManifest.xml:45:27-74
77            </intent-filter>
78
79            <!-- Game Controller Support -->
80            <intent-filter>
80-->src/main/AndroidManifest.xml:49:13-52:29
81                <action android:name="android.intent.action.MAIN" />
81-->src/main/AndroidManifest.xml:44:17-69
81-->src/main/AndroidManifest.xml:44:25-66
82
83                <category android:name="android.intent.category.LEANBACK_LAUNCHER" />
83-->src/main/AndroidManifest.xml:51:17-86
83-->src/main/AndroidManifest.xml:51:27-83
84            </intent-filter>
85        </activity>
86
87        <!-- Music Service -->
88        <service
88-->src/main/AndroidManifest.xml:56:9-59:61
89            android:name="com.tetris.modern.rl.audio.MusicService"
89-->src/main/AndroidManifest.xml:57:13-47
90            android:exported="false"
90-->src/main/AndroidManifest.xml:58:13-37
91            android:foregroundServiceType="mediaPlayback" />
91-->src/main/AndroidManifest.xml:59:13-58
92
93        <!-- Google Play Games meta-data -->
94        <meta-data
94-->src/main/AndroidManifest.xml:62:9-64:46
95            android:name="com.google.android.gms.games.APP_ID"
95-->src/main/AndroidManifest.xml:63:13-63
96            android:value="@string/app_id" />
96-->src/main/AndroidManifest.xml:64:13-43
97        <meta-data
97-->src/main/AndroidManifest.xml:66:9-68:69
98            android:name="com.google.android.gms.version"
98-->src/main/AndroidManifest.xml:67:13-58
99            android:value="@integer/google_play_services_version" />
99-->src/main/AndroidManifest.xml:68:13-66
100
101        <!-- File Provider for sharing -->
102        <provider
103            android:name="androidx.core.content.FileProvider"
103-->src/main/AndroidManifest.xml:72:13-62
104            android:authorities="com.tetris.modern.rl.fileprovider"
104-->src/main/AndroidManifest.xml:73:13-64
105            android:exported="false"
105-->src/main/AndroidManifest.xml:74:13-37
106            android:grantUriPermissions="true" >
106-->src/main/AndroidManifest.xml:75:13-47
107            <meta-data
107-->src/main/AndroidManifest.xml:76:13-78:54
108                android:name="android.support.FILE_PROVIDER_PATHS"
108-->src/main/AndroidManifest.xml:77:17-67
109                android:resource="@xml/file_paths" />
109-->src/main/AndroidManifest.xml:78:17-51
110        </provider>
111
112        <!-- Widget Provider -->
113        <receiver
113-->src/main/AndroidManifest.xml:82:9-91:20
114            android:name="com.tetris.modern.rl.widget.TetrisWidgetProvider"
114-->src/main/AndroidManifest.xml:83:13-56
115            android:exported="false" >
115-->src/main/AndroidManifest.xml:84:13-37
116            <intent-filter>
116-->src/main/AndroidManifest.xml:85:13-87:29
117                <action android:name="android.appwidget.action.APPWIDGET_UPDATE" />
117-->src/main/AndroidManifest.xml:86:17-84
117-->src/main/AndroidManifest.xml:86:25-81
118            </intent-filter>
119
120            <meta-data
120-->src/main/AndroidManifest.xml:88:13-90:62
121                android:name="android.appwidget.provider"
121-->src/main/AndroidManifest.xml:89:17-58
122                android:resource="@xml/tetris_widget_info" />
122-->src/main/AndroidManifest.xml:90:17-59
123        </receiver>
124
125        <provider
125-->[androidx.work:work-runtime:2.9.0] AndroidManifest.xml:29:9-37:20
126            android:name="androidx.startup.InitializationProvider"
126-->[androidx.work:work-runtime:2.9.0] AndroidManifest.xml:30:13-67
127            android:authorities="com.tetris.modern.rl.androidx-startup"
127-->[androidx.work:work-runtime:2.9.0] AndroidManifest.xml:31:13-68
128            android:exported="false" >
128-->[androidx.work:work-runtime:2.9.0] AndroidManifest.xml:32:13-37
129            <meta-data
129-->[androidx.work:work-runtime:2.9.0] AndroidManifest.xml:34:13-36:52
130                android:name="androidx.work.WorkManagerInitializer"
130-->[androidx.work:work-runtime:2.9.0] AndroidManifest.xml:35:17-68
131                android:value="androidx.startup" />
131-->[androidx.work:work-runtime:2.9.0] AndroidManifest.xml:36:17-49
132            <meta-data
132-->[androidx.emoji2:emoji2:1.3.0] AndroidManifest.xml:29:13-31:52
133                android:name="androidx.emoji2.text.EmojiCompatInitializer"
133-->[androidx.emoji2:emoji2:1.3.0] AndroidManifest.xml:30:17-75
134                android:value="androidx.startup" />
134-->[androidx.emoji2:emoji2:1.3.0] AndroidManifest.xml:31:17-49
135            <meta-data
135-->[androidx.lifecycle:lifecycle-process:2.8.4] AndroidManifest.xml:29:13-31:52
136                android:name="androidx.lifecycle.ProcessLifecycleInitializer"
136-->[androidx.lifecycle:lifecycle-process:2.8.4] AndroidManifest.xml:30:17-78
137                android:value="androidx.startup" />
137-->[androidx.lifecycle:lifecycle-process:2.8.4] AndroidManifest.xml:31:17-49
138            <meta-data
138-->[androidx.profileinstaller:profileinstaller:1.3.1] AndroidManifest.xml:29:13-31:52
139                android:name="androidx.profileinstaller.ProfileInstallerInitializer"
139-->[androidx.profileinstaller:profileinstaller:1.3.1] AndroidManifest.xml:30:17-85
140                android:value="androidx.startup" />
140-->[androidx.profileinstaller:profileinstaller:1.3.1] AndroidManifest.xml:31:17-49
141        </provider>
142
143        <service
143-->[androidx.work:work-runtime:2.9.0] AndroidManifest.xml:39:9-45:35
144            android:name="androidx.work.impl.background.systemalarm.SystemAlarmService"
144-->[androidx.work:work-runtime:2.9.0] AndroidManifest.xml:40:13-88
145            android:directBootAware="false"
145-->[androidx.work:work-runtime:2.9.0] AndroidManifest.xml:41:13-44
146            android:enabled="@bool/enable_system_alarm_service_default"
146-->[androidx.work:work-runtime:2.9.0] AndroidManifest.xml:42:13-72
147            android:exported="false" />
147-->[androidx.work:work-runtime:2.9.0] AndroidManifest.xml:43:13-37
148        <service
148-->[androidx.work:work-runtime:2.9.0] AndroidManifest.xml:46:9-52:35
149            android:name="androidx.work.impl.background.systemjob.SystemJobService"
149-->[androidx.work:work-runtime:2.9.0] AndroidManifest.xml:47:13-84
150            android:directBootAware="false"
150-->[androidx.work:work-runtime:2.9.0] AndroidManifest.xml:48:13-44
151            android:enabled="@bool/enable_system_job_service_default"
151-->[androidx.work:work-runtime:2.9.0] AndroidManifest.xml:49:13-70
152            android:exported="true"
152-->[androidx.work:work-runtime:2.9.0] AndroidManifest.xml:50:13-36
153            android:permission="android.permission.BIND_JOB_SERVICE" />
153-->[androidx.work:work-runtime:2.9.0] AndroidManifest.xml:51:13-69
154        <service
154-->[androidx.work:work-runtime:2.9.0] AndroidManifest.xml:53:9-59:35
155            android:name="androidx.work.impl.foreground.SystemForegroundService"
155-->[androidx.work:work-runtime:2.9.0] AndroidManifest.xml:54:13-81
156            android:directBootAware="false"
156-->[androidx.work:work-runtime:2.9.0] AndroidManifest.xml:55:13-44
157            android:enabled="@bool/enable_system_foreground_service_default"
157-->[androidx.work:work-runtime:2.9.0] AndroidManifest.xml:56:13-77
158            android:exported="false" />
158-->[androidx.work:work-runtime:2.9.0] AndroidManifest.xml:57:13-37
159
160        <receiver
160-->[androidx.work:work-runtime:2.9.0] AndroidManifest.xml:61:9-66:35
161            android:name="androidx.work.impl.utils.ForceStopRunnable$BroadcastReceiver"
161-->[androidx.work:work-runtime:2.9.0] AndroidManifest.xml:62:13-88
162            android:directBootAware="false"
162-->[androidx.work:work-runtime:2.9.0] AndroidManifest.xml:63:13-44
163            android:enabled="true"
163-->[androidx.work:work-runtime:2.9.0] AndroidManifest.xml:64:13-35
164            android:exported="false" />
164-->[androidx.work:work-runtime:2.9.0] AndroidManifest.xml:65:13-37
165        <receiver
165-->[androidx.work:work-runtime:2.9.0] AndroidManifest.xml:67:9-77:20
166            android:name="androidx.work.impl.background.systemalarm.ConstraintProxy$BatteryChargingProxy"
166-->[androidx.work:work-runtime:2.9.0] AndroidManifest.xml:68:13-106
167            android:directBootAware="false"
167-->[androidx.work:work-runtime:2.9.0] AndroidManifest.xml:69:13-44
168            android:enabled="false"
168-->[androidx.work:work-runtime:2.9.0] AndroidManifest.xml:70:13-36
169            android:exported="false" >
169-->[androidx.work:work-runtime:2.9.0] AndroidManifest.xml:71:13-37
170            <intent-filter>
170-->[androidx.work:work-runtime:2.9.0] AndroidManifest.xml:73:13-76:29
171                <action android:name="android.intent.action.ACTION_POWER_CONNECTED" />
171-->[androidx.work:work-runtime:2.9.0] AndroidManifest.xml:74:17-87
171-->[androidx.work:work-runtime:2.9.0] AndroidManifest.xml:74:25-84
172                <action android:name="android.intent.action.ACTION_POWER_DISCONNECTED" />
172-->[androidx.work:work-runtime:2.9.0] AndroidManifest.xml:75:17-90
172-->[androidx.work:work-runtime:2.9.0] AndroidManifest.xml:75:25-87
173            </intent-filter>
174        </receiver>
175        <receiver
175-->[androidx.work:work-runtime:2.9.0] AndroidManifest.xml:78:9-88:20
176            android:name="androidx.work.impl.background.systemalarm.ConstraintProxy$BatteryNotLowProxy"
176-->[androidx.work:work-runtime:2.9.0] AndroidManifest.xml:79:13-104
177            android:directBootAware="false"
177-->[androidx.work:work-runtime:2.9.0] AndroidManifest.xml:80:13-44
178            android:enabled="false"
178-->[androidx.work:work-runtime:2.9.0] AndroidManifest.xml:81:13-36
179            android:exported="false" >
179-->[androidx.work:work-runtime:2.9.0] AndroidManifest.xml:82:13-37
180            <intent-filter>
180-->[androidx.work:work-runtime:2.9.0] AndroidManifest.xml:84:13-87:29
181                <action android:name="android.intent.action.BATTERY_OKAY" />
181-->[androidx.work:work-runtime:2.9.0] AndroidManifest.xml:85:17-77
181-->[androidx.work:work-runtime:2.9.0] AndroidManifest.xml:85:25-74
182                <action android:name="android.intent.action.BATTERY_LOW" />
182-->[androidx.work:work-runtime:2.9.0] AndroidManifest.xml:86:17-76
182-->[androidx.work:work-runtime:2.9.0] AndroidManifest.xml:86:25-73
183            </intent-filter>
184        </receiver>
185        <receiver
185-->[androidx.work:work-runtime:2.9.0] AndroidManifest.xml:89:9-99:20
186            android:name="androidx.work.impl.background.systemalarm.ConstraintProxy$StorageNotLowProxy"
186-->[androidx.work:work-runtime:2.9.0] AndroidManifest.xml:90:13-104
187            android:directBootAware="false"
187-->[androidx.work:work-runtime:2.9.0] AndroidManifest.xml:91:13-44
188            android:enabled="false"
188-->[androidx.work:work-runtime:2.9.0] AndroidManifest.xml:92:13-36
189            android:exported="false" >
189-->[androidx.work:work-runtime:2.9.0] AndroidManifest.xml:93:13-37
190            <intent-filter>
190-->[androidx.work:work-runtime:2.9.0] AndroidManifest.xml:95:13-98:29
191                <action android:name="android.intent.action.DEVICE_STORAGE_LOW" />
191-->[androidx.work:work-runtime:2.9.0] AndroidManifest.xml:96:17-83
191-->[androidx.work:work-runtime:2.9.0] AndroidManifest.xml:96:25-80
192                <action android:name="android.intent.action.DEVICE_STORAGE_OK" />
192-->[androidx.work:work-runtime:2.9.0] AndroidManifest.xml:97:17-82
192-->[androidx.work:work-runtime:2.9.0] AndroidManifest.xml:97:25-79
193            </intent-filter>
194        </receiver>
195        <receiver
195-->[androidx.work:work-runtime:2.9.0] AndroidManifest.xml:100:9-109:20
196            android:name="androidx.work.impl.background.systemalarm.ConstraintProxy$NetworkStateProxy"
196-->[androidx.work:work-runtime:2.9.0] AndroidManifest.xml:101:13-103
197            android:directBootAware="false"
197-->[androidx.work:work-runtime:2.9.0] AndroidManifest.xml:102:13-44
198            android:enabled="false"
198-->[androidx.work:work-runtime:2.9.0] AndroidManifest.xml:103:13-36
199            android:exported="false" >
199-->[androidx.work:work-runtime:2.9.0] AndroidManifest.xml:104:13-37
200            <intent-filter>
200-->[androidx.work:work-runtime:2.9.0] AndroidManifest.xml:106:13-108:29
201                <action android:name="android.net.conn.CONNECTIVITY_CHANGE" />
201-->[androidx.work:work-runtime:2.9.0] AndroidManifest.xml:107:17-79
201-->[androidx.work:work-runtime:2.9.0] AndroidManifest.xml:107:25-76
202            </intent-filter>
203        </receiver>
204        <receiver
204-->[androidx.work:work-runtime:2.9.0] AndroidManifest.xml:110:9-121:20
205            android:name="androidx.work.impl.background.systemalarm.RescheduleReceiver"
205-->[androidx.work:work-runtime:2.9.0] AndroidManifest.xml:111:13-88
206            android:directBootAware="false"
206-->[androidx.work:work-runtime:2.9.0] AndroidManifest.xml:112:13-44
207            android:enabled="false"
207-->[androidx.work:work-runtime:2.9.0] AndroidManifest.xml:113:13-36
208            android:exported="false" >
208-->[androidx.work:work-runtime:2.9.0] AndroidManifest.xml:114:13-37
209            <intent-filter>
209-->[androidx.work:work-runtime:2.9.0] AndroidManifest.xml:116:13-120:29
210                <action android:name="android.intent.action.BOOT_COMPLETED" />
210-->[androidx.work:work-runtime:2.9.0] AndroidManifest.xml:117:17-79
210-->[androidx.work:work-runtime:2.9.0] AndroidManifest.xml:117:25-76
211                <action android:name="android.intent.action.TIME_SET" />
211-->[androidx.work:work-runtime:2.9.0] AndroidManifest.xml:118:17-73
211-->[androidx.work:work-runtime:2.9.0] AndroidManifest.xml:118:25-70
212                <action android:name="android.intent.action.TIMEZONE_CHANGED" />
212-->[androidx.work:work-runtime:2.9.0] AndroidManifest.xml:119:17-81
212-->[androidx.work:work-runtime:2.9.0] AndroidManifest.xml:119:25-78
213            </intent-filter>
214        </receiver>
215        <receiver
215-->[androidx.work:work-runtime:2.9.0] AndroidManifest.xml:122:9-131:20
216            android:name="androidx.work.impl.background.systemalarm.ConstraintProxyUpdateReceiver"
216-->[androidx.work:work-runtime:2.9.0] AndroidManifest.xml:123:13-99
217            android:directBootAware="false"
217-->[androidx.work:work-runtime:2.9.0] AndroidManifest.xml:124:13-44
218            android:enabled="@bool/enable_system_alarm_service_default"
218-->[androidx.work:work-runtime:2.9.0] AndroidManifest.xml:125:13-72
219            android:exported="false" >
219-->[androidx.work:work-runtime:2.9.0] AndroidManifest.xml:126:13-37
220            <intent-filter>
220-->[androidx.work:work-runtime:2.9.0] AndroidManifest.xml:128:13-130:29
221                <action android:name="androidx.work.impl.background.systemalarm.UpdateProxies" />
221-->[androidx.work:work-runtime:2.9.0] AndroidManifest.xml:129:17-98
221-->[androidx.work:work-runtime:2.9.0] AndroidManifest.xml:129:25-95
222            </intent-filter>
223        </receiver>
224        <receiver
224-->[androidx.work:work-runtime:2.9.0] AndroidManifest.xml:132:9-142:20
225            android:name="androidx.work.impl.diagnostics.DiagnosticsReceiver"
225-->[androidx.work:work-runtime:2.9.0] AndroidManifest.xml:133:13-78
226            android:directBootAware="false"
226-->[androidx.work:work-runtime:2.9.0] AndroidManifest.xml:134:13-44
227            android:enabled="true"
227-->[androidx.work:work-runtime:2.9.0] AndroidManifest.xml:135:13-35
228            android:exported="true"
228-->[androidx.work:work-runtime:2.9.0] AndroidManifest.xml:136:13-36
229            android:permission="android.permission.DUMP" >
229-->[androidx.work:work-runtime:2.9.0] AndroidManifest.xml:137:13-57
230            <intent-filter>
230-->[androidx.work:work-runtime:2.9.0] AndroidManifest.xml:139:13-141:29
231                <action android:name="androidx.work.diagnostics.REQUEST_DIAGNOSTICS" />
231-->[androidx.work:work-runtime:2.9.0] AndroidManifest.xml:140:17-88
231-->[androidx.work:work-runtime:2.9.0] AndroidManifest.xml:140:25-85
232            </intent-filter>
233        </receiver>
234
235        <provider
235-->[com.google.android.gms:play-services-games-v2:19.0.0] AndroidManifest.xml:13:9-17:38
236            android:name="com.google.android.gms.games.provider.PlayGamesInitProvider"
236-->[com.google.android.gms:play-services-games-v2:19.0.0] AndroidManifest.xml:14:13-87
237            android:authorities="com.tetris.modern.rl.playgamesinitprovider"
237-->[com.google.android.gms:play-services-games-v2:19.0.0] AndroidManifest.xml:15:13-73
238            android:exported="false"
238-->[com.google.android.gms:play-services-games-v2:19.0.0] AndroidManifest.xml:16:13-37
239            android:initOrder="99" />
239-->[com.google.android.gms:play-services-games-v2:19.0.0] AndroidManifest.xml:17:13-35
240
241        <activity
241-->[com.google.android.gms:play-services-games-v2:19.0.0] AndroidManifest.xml:19:9-22:62
242            android:name="com.google.android.gms.games.internal.v2.resolution.GamesResolutionActivity"
242-->[com.google.android.gms:play-services-games-v2:19.0.0] AndroidManifest.xml:20:13-103
243            android:exported="false"
243-->[com.google.android.gms:play-services-games-v2:19.0.0] AndroidManifest.xml:21:13-37
244            android:theme="@style/Theme.Games.Transparent" />
244-->[com.google.android.gms:play-services-games-v2:19.0.0] AndroidManifest.xml:22:13-59
245
246        <meta-data
246-->[com.google.android.gms:play-services-games-v2:19.0.0] AndroidManifest.xml:24:9-26:62
247            android:name="com.google.android.gms.games.version"
247-->[com.google.android.gms:play-services-games-v2:19.0.0] AndroidManifest.xml:25:13-64
248            android:value="@string/play_games_sdk_version" />
248-->[com.google.android.gms:play-services-games-v2:19.0.0] AndroidManifest.xml:26:13-59
249
250        <activity
250-->[com.google.android.gms:play-services-auth:20.7.0] AndroidManifest.xml:23:9-27:75
251            android:name="com.google.android.gms.auth.api.signin.internal.SignInHubActivity"
251-->[com.google.android.gms:play-services-auth:20.7.0] AndroidManifest.xml:24:13-93
252            android:excludeFromRecents="true"
252-->[com.google.android.gms:play-services-auth:20.7.0] AndroidManifest.xml:25:13-46
253            android:exported="false"
253-->[com.google.android.gms:play-services-auth:20.7.0] AndroidManifest.xml:26:13-37
254            android:theme="@android:style/Theme.Translucent.NoTitleBar" />
254-->[com.google.android.gms:play-services-auth:20.7.0] AndroidManifest.xml:27:13-72
255        <!--
256            Service handling Google Sign-In user revocation. For apps that do not integrate with
257            Google Sign-In, this service will never be started.
258        -->
259        <service
259-->[com.google.android.gms:play-services-auth:20.7.0] AndroidManifest.xml:33:9-37:51
260            android:name="com.google.android.gms.auth.api.signin.RevocationBoundService"
260-->[com.google.android.gms:play-services-auth:20.7.0] AndroidManifest.xml:34:13-89
261            android:exported="true"
261-->[com.google.android.gms:play-services-auth:20.7.0] AndroidManifest.xml:35:13-36
262            android:permission="com.google.android.gms.auth.api.signin.permission.REVOCATION_NOTIFICATION"
262-->[com.google.android.gms:play-services-auth:20.7.0] AndroidManifest.xml:36:13-107
263            android:visibleToInstantApps="true" />
263-->[com.google.android.gms:play-services-auth:20.7.0] AndroidManifest.xml:37:13-48
264
265        <activity
265-->[com.google.android.gms:play-services-base:18.0.1] AndroidManifest.xml:20:9-22:45
266            android:name="com.google.android.gms.common.api.GoogleApiActivity"
266-->[com.google.android.gms:play-services-base:18.0.1] AndroidManifest.xml:20:19-85
267            android:exported="false"
267-->[com.google.android.gms:play-services-base:18.0.1] AndroidManifest.xml:22:19-43
268            android:theme="@android:style/Theme.Translucent.NoTitleBar" />
268-->[com.google.android.gms:play-services-base:18.0.1] AndroidManifest.xml:21:19-78
269
270        <service
270-->[androidx.room:room-runtime:2.6.1] AndroidManifest.xml:24:9-28:63
271            android:name="androidx.room.MultiInstanceInvalidationService"
271-->[androidx.room:room-runtime:2.6.1] AndroidManifest.xml:25:13-74
272            android:directBootAware="true"
272-->[androidx.room:room-runtime:2.6.1] AndroidManifest.xml:26:13-43
273            android:exported="false" />
273-->[androidx.room:room-runtime:2.6.1] AndroidManifest.xml:27:13-37
274
275        <receiver
275-->[androidx.profileinstaller:profileinstaller:1.3.1] AndroidManifest.xml:34:9-52:20
276            android:name="androidx.profileinstaller.ProfileInstallReceiver"
276-->[androidx.profileinstaller:profileinstaller:1.3.1] AndroidManifest.xml:35:13-76
277            android:directBootAware="false"
277-->[androidx.profileinstaller:profileinstaller:1.3.1] AndroidManifest.xml:36:13-44
278            android:enabled="true"
278-->[androidx.profileinstaller:profileinstaller:1.3.1] AndroidManifest.xml:37:13-35
279            android:exported="true"
279-->[androidx.profileinstaller:profileinstaller:1.3.1] AndroidManifest.xml:38:13-36
280            android:permission="android.permission.DUMP" >
280-->[androidx.profileinstaller:profileinstaller:1.3.1] AndroidManifest.xml:39:13-57
281            <intent-filter>
281-->[androidx.profileinstaller:profileinstaller:1.3.1] AndroidManifest.xml:40:13-42:29
282                <action android:name="androidx.profileinstaller.action.INSTALL_PROFILE" />
282-->[androidx.profileinstaller:profileinstaller:1.3.1] AndroidManifest.xml:41:17-91
282-->[androidx.profileinstaller:profileinstaller:1.3.1] AndroidManifest.xml:41:25-88
283            </intent-filter>
284            <intent-filter>
284-->[androidx.profileinstaller:profileinstaller:1.3.1] AndroidManifest.xml:43:13-45:29
285                <action android:name="androidx.profileinstaller.action.SKIP_FILE" />
285-->[androidx.profileinstaller:profileinstaller:1.3.1] AndroidManifest.xml:44:17-85
285-->[androidx.profileinstaller:profileinstaller:1.3.1] AndroidManifest.xml:44:25-82
286            </intent-filter>
287            <intent-filter>
287-->[androidx.profileinstaller:profileinstaller:1.3.1] AndroidManifest.xml:46:13-48:29
288                <action android:name="androidx.profileinstaller.action.SAVE_PROFILE" />
288-->[androidx.profileinstaller:profileinstaller:1.3.1] AndroidManifest.xml:47:17-88
288-->[androidx.profileinstaller:profileinstaller:1.3.1] AndroidManifest.xml:47:25-85
289            </intent-filter>
290            <intent-filter>
290-->[androidx.profileinstaller:profileinstaller:1.3.1] AndroidManifest.xml:49:13-51:29
291                <action android:name="androidx.profileinstaller.action.BENCHMARK_OPERATION" />
291-->[androidx.profileinstaller:profileinstaller:1.3.1] AndroidManifest.xml:50:17-95
291-->[androidx.profileinstaller:profileinstaller:1.3.1] AndroidManifest.xml:50:25-92
292            </intent-filter>
293        </receiver>
294    </application>
295
296</manifest>